
> @lumeweb/portal-dashboard@0.0.0 build /home/runner/work/web/web/apps/portal-dashboard
> remix vite:build

[36mvite v5.4.0 [32mbuilding for production...[36m[39m
transforming...
app/routes/service/components/PinDialog.tsx (1:0): Error when using sourcemap for reporting an error: Can't resolve original location of error.
app/components/ui/tag-input.tsx (1:0): Error when using sourcemap for reporting an error: Can't resolve original location of error.
app/components/ui/chart.tsx (1:0): Error when using sourcemap for reporting an error: Can't resolve original location of error.
[1m[33m[plugin:vite:resolve][39m[22m [33m[plugin vite:resolve] Module "fs" has been externalized for browser compatibility, imported by "/home/runner/work/web/web/apps/web3.news/app/utils.ts". See https://vitejs.dev/guide/troubleshooting.html#module-externalized-for-browser-compatibility for more details.[39m
[1m[33m[plugin:vite:resolve][39m[22m [33m[plugin vite:resolve] Module "fs" has been externalized for browser compatibility, imported by "/home/runner/work/web/web/apps/web3.news/app/utils.ts". See https://vitejs.dev/guide/troubleshooting.html#module-externalized-for-browser-compatibility for more details.[39m
[1m[33m[plugin:vite:resolve][39m[22m [33m[plugin vite:resolve] Module "crypto" has been externalized for browser compatibility, imported by "/home/runner/work/web/web/node_modules/.pnpm/meilisearch@0.41.0/node_modules/meilisearch/dist/bundles/meilisearch.esm.js". See https://vitejs.dev/guide/troubleshooting.html#module-externalized-for-browser-compatibility for more details.[39m
[1m[33m[plugin:vite:resolve][39m[22m [33m[plugin vite:resolve] Module "crypto" has been externalized for browser compatibility, imported by "/home/runner/work/web/web/node_modules/.pnpm/meilisearch@0.41.0/node_modules/meilisearch/dist/bundles/meilisearch.esm.js". See https://vitejs.dev/guide/troubleshooting.html#module-externalized-for-browser-compatibility for more details.[39m
[32m✓[39m 4404 modules transformed.
rendering chunks...
computing gzip size...
[2mbuild/client/[22m[2massets/[22m[32mmanrope-vietnamese-wght-normal-CvPE_C53.woff2  [39m[1m[2m    8.31 kB[22m[1m[22m
[2mbuild/client/[22m[2massets/[22m[32mmanrope-greek-wght-normal--KUh6X2k.woff2       [39m[1m[2m    9.19 kB[22m[1m[22m
[2mbuild/client/[22m[2massets/[22m[32mmanrope-cyrillic-wght-normal-C1zWlyYG.woff2    [39m[1m[2m   14.20 kB[22m[1m[22m
[2mbuild/client/[22m[2massets/[22m[32mmanrope-latin-ext-wght-normal-D62tbE3i.woff2   [39m[1m[2m   14.80 kB[22m[1m[22m
[2mbuild/client/[22m[2massets/[22m[32mmanrope-latin-wght-normal-DWlqe-xm.woff2       [39m[1m[2m   24.38 kB[22m[1m[22m
[2mbuild/client/[22m[32m.vite/manifest.json                                   [39m[1m[2m   35.13 kB[22m[1m[22m[2m │ gzip:   3.62 kB[22m
[2mbuild/client/[22m[2massets/[22m[32mlume-bg-blue-Vl2JcShQ.png                      [39m[1m[2m   86.43 kB[22m[1m[22m
[2mbuild/client/[22m[2massets/[22m[32mlume-bg-image-CeL50W8O.png                     [39m[1m[2m  260.44 kB[22m[1m[22m
[2mbuild/client/[22m[2massets/[22m[32mlume-bg-login-ClkbcaVZ.png                     [39m[1m[2m2,128.97 kB[22m[1m[22m
[2mbuild/client/[22m[2massets/[22m[32mlume-bg-register-Cs8gjzis.png                  [39m[1m[2m2,751.26 kB[22m[1m[22m
[2mbuild/client/[22m[2massets/[22m[32mlume-bg-reset-password-BttR11xa.png            [39m[1m[2m5,636.25 kB[22m[1m[22m
[2mbuild/client/[22m[2massets/[22m[35mroot-D2ybEqB8.css                              [39m[1m[2m    5.10 kB[22m[1m[22m[2m │ gzip:   3.14 kB[22m
[2mbuild/client/[22m[2massets/[22m[35mtailwind-B-tl5ip0.css                          [39m[1m[2m   57.86 kB[22m[1m[22m[2m │ gzip:  10.74 kB[22m
[2mbuild/client/[22m[2massets/[22m[36mskeleton-DOcJThkB.js                           [39m[1m[2m    0.36 kB[22m[1m[22m[2m │ gzip:   0.26 kB[22m
[2mbuild/client/[22m[2massets/[22m[36mindex-DSJ5IsRY.js                              [39m[1m[2m    0.40 kB[22m[1m[22m[2m │ gzip:   0.23 kB[22m
[2mbuild/client/[22m[2massets/[22m[36msearch-BNA3F8Pn.js                             [39m[1m[2m    0.43 kB[22m[1m[22m[2m │ gzip:   0.29 kB[22m
[2mbuild/client/[22m[2massets/[22m[36mcopy-BTdE7U-g.js                               [39m[1m[2m    0.50 kB[22m[1m[22m[2m │ gzip:   0.33 kB[22m
[2mbuild/client/[22m[2massets/[22m[36mcircle-alert-CYe2rk_H.js                       [39m[1m[2m    0.54 kB[22m[1m[22m[2m │ gzip:   0.31 kB[22m
[2mbuild/client/[22m[2massets/[22m[36mindex-CBkdV51A.js                              [39m[1m[2m    0.57 kB[22m[1m[22m[2m │ gzip:   0.33 kB[22m
[2mbuild/client/[22m[2massets/[22m[36mlabel-N8Jzq4b_.js                              [39m[1m[2m    0.60 kB[22m[1m[22m[2m │ gzip:   0.37 kB[22m
[2mbuild/client/[22m[2massets/[22m[36mindex-CRv5IV7d.js                              [39m[1m[2m    0.61 kB[22m[1m[22m[2m │ gzip:   0.25 kB[22m
[2mbuild/client/[22m[2massets/[22m[36mfilesize-DaDW_CYa.js                           [39m[1m[2m    0.62 kB[22m[1m[22m[2m │ gzip:   0.31 kB[22m
[2mbuild/client/[22m[2massets/[22m[36museFeatureFlag-CR-YCyKq.js                     [39m[1m[2m    0.78 kB[22m[1m[22m[2m │ gzip:   0.37 kB[22m
[2mbuild/client/[22m[2massets/[22m[36mInlineAuthLinkBanner-Cd4k7MwZ.js               [39m[1m[2m    0.83 kB[22m[1m[22m[2m │ gzip:   0.42 kB[22m
[2mbuild/client/[22m[2massets/[22m[36museSubscription-BlhCy8bA.js                    [39m[1m[2m    0.84 kB[22m[1m[22m[2m │ gzip:   0.39 kB[22m
[2mbuild/client/[22m[2massets/[22m[36mroot-DDCbb6NH.js                               [39m[1m[2m    0.90 kB[22m[1m[22m[2m │ gzip:   0.44 kB[22m
[2mbuild/client/[22m[2massets/[22m[36mindex-D16f_eyq.js                              [39m[1m[2m    1.25 kB[22m[1m[22m[2m │ gzip:   0.49 kB[22m
[2mbuild/client/[22m[2massets/[22m[36museEmailVerification-BVpqJv1h.js               [39m[1m[2m    1.48 kB[22m[1m[22m[2m │ gzip:   0.63 kB[22m
[2mbuild/client/[22m[2massets/[22m[36mlayout-DDmZIh7j.js                             [39m[1m[2m    1.49 kB[22m[1m[22m[2m │ gzip:   0.68 kB[22m
[2mbuild/client/[22m[2massets/[22m[36mlume-logo-ChvyOqr_.js                          [39m[1m[2m    1.76 kB[22m[1m[22m[2m │ gzip:   1.34 kB[22m
[2mbuild/client/[22m[2massets/[22m[36mcard-B__8Buea.js                               [39m[1m[2m    1.81 kB[22m[1m[22m[2m │ gzip:   0.53 kB[22m
[2mbuild/client/[22m[2massets/[22m[36mcreateLucideIcon-B7dNuMLx.js                   [39m[1m[2m    2.37 kB[22m[1m[22m[2m │ gzip:   0.85 kB[22m
[2mbuild/client/[22m[2massets/[22m[36mzod-SJx5I8GQ.js                                [39m[1m[2m    2.40 kB[22m[1m[22m[2m │ gzip:   0.98 kB[22m
[2mbuild/client/[22m[2massets/[22m[36minput-K0In2FX4.js                              [39m[1m[2m    2.58 kB[22m[1m[22m[2m │ gzip:   1.04 kB[22m
[2mbuild/client/[22m[2massets/[22m[36mtable-1ydlbgkL.js                              [39m[1m[2m    2.90 kB[22m[1m[22m[2m │ gzip:   0.75 kB[22m
[2mbuild/client/[22m[2massets/[22m[36mLumeLogo-C7Xl8dac.js                           [39m[1m[2m    3.30 kB[22m[1m[22m[2m │ gzip:   2.38 kB[22m
[2mbuild/client/[22m[2massets/[22m[36motp-DL4x_q6T.js                                [39m[1m[2m    3.52 kB[22m[1m[22m[2m │ gzip:   1.31 kB[22m
[2mbuild/client/[22m[2massets/[22m[36msheet-l5WD9Wsa.js                              [39m[1m[2m    3.66 kB[22m[1m[22m[2m │ gzip:   1.15 kB[22m
[2mbuild/client/[22m[2massets/[22m[36mindex-dx5hJP9I.js                              [39m[1m[2m    3.84 kB[22m[1m[22m[2m │ gzip:   1.25 kB[22m
[2mbuild/client/[22m[2massets/[22m[36mverify-DkNWFq8G.js                             [39m[1m[2m    3.89 kB[22m[1m[22m[2m │ gzip:   1.35 kB[22m
[2mbuild/client/[22m[2massets/[22m[36museCurrentUsage-Cl5sB5px.js                    [39m[1m[2m    4.05 kB[22m[1m[22m[2m │ gzip:   1.23 kB[22m
[2mbuild/client/[22m[2massets/[22m[36msecurity-B3xTy4jT.js                           [39m[1m[2m    4.19 kB[22m[1m[22m[2m │ gzip:   1.20 kB[22m
[2mbuild/client/[22m[2massets/[22m[36museIsBillingEnabled-DAqgz0ET.js                [39m[1m[2m    4.42 kB[22m[1m[22m[2m │ gzip:   1.48 kB[22m
[2mbuild/client/[22m[2massets/[22m[36mdownloader-gbJdoxjb.js                         [39m[1m[2m    5.03 kB[22m[1m[22m[2m │ gzip:   1.90 kB[22m
[2mbuild/client/[22m[2massets/[22m[36malert-BGjZ1Ugf.js                              [39m[1m[2m    5.04 kB[22m[1m[22m[2m │ gzip:   1.42 kB[22m
[2mbuild/client/[22m[2massets/[22m[36mindex-y7M7y1wj.js                              [39m[1m[2m    5.27 kB[22m[1m[22m[2m │ gzip:   1.62 kB[22m
[2mbuild/client/[22m[2massets/[22m[36msandbox-Bi1whKIz.js                            [39m[1m[2m    6.33 kB[22m[1m[22m[2m │ gzip:   1.83 kB[22m
[2mbuild/client/[22m[2massets/[22m[36mindex-D57d7GGH.js                              [39m[1m[2m    7.10 kB[22m[1m[22m[2m │ gzip:   2.73 kB[22m
[2mbuild/client/[22m[2massets/[22m[36mindex-Djjmz1B9.js                              [39m[1m[2m    8.03 kB[22m[1m[22m[2m │ gzip:   2.07 kB[22m
[2mbuild/client/[22m[2massets/[22m[36mindex-s_w013qN.js                              [39m[1m[2m    9.98 kB[22m[1m[22m[2m │ gzip:   2.50 kB[22m
[2mbuild/client/[22m[2massets/[22m[36mapi-keys-BY0f-3r5.js                           [39m[1m[2m    9.99 kB[22m[1m[22m[2m │ gzip:   2.68 kB[22m
[2mbuild/client/[22m[2massets/[22m[36mindex-LJohw3eM.js                              [39m[1m[2m   10.50 kB[22m[1m[22m[2m │ gzip:   2.44 kB[22m
[2mbuild/client/[22m[2massets/[22m[36mindex-Cz8KBXvW.js                              [39m[1m[2m   10.88 kB[22m[1m[22m[2m │ gzip:   2.90 kB[22m
[2mbuild/client/[22m[2massets/[22m[36mentry.client-DbCJwOF8.js                       [39m[1m[2m   10.94 kB[22m[1m[22m[2m │ gzip:   3.03 kB[22m
[2mbuild/client/[22m[2massets/[22m[36mjsx-runtime-CzXAEjbZ.js                        [39m[1m[2m   12.38 kB[22m[1m[22m[2m │ gzip:   3.83 kB[22m
[2mbuild/client/[22m[2massets/[22m[36mindex-mKNH91rN.js                              [39m[1m[2m   13.29 kB[22m[1m[22m[2m │ gzip:   3.04 kB[22m
[2mbuild/client/[22m[2massets/[22m[36mDataTable-O6marn6a.js                          [39m[1m[2m   13.71 kB[22m[1m[22m[2m │ gzip:   3.80 kB[22m
[2mbuild/client/[22m[2massets/[22m[36mForms-b3RXz8JM.js                              [39m[1m[2m   18.26 kB[22m[1m[22m[2m │ gzip:   4.61 kB[22m
[2mbuild/client/[22m[2massets/[22m[36mindex-iA99rofe.js                              [39m[1m[2m   18.97 kB[22m[1m[22m[2m │ gzip:   4.00 kB[22m
[2mbuild/client/[22m[2massets/[22m[36madmin-ui-Pfupm1Qw.js                           [39m[1m[2m   20.10 kB[22m[1m[22m[2m │ gzip:   5.24 kB[22m
[2mbuild/client/[22m[2massets/[22m[36maccount-GJZmI_zi.js                            [39m[1m[2m   25.64 kB[22m[1m[22m[2m │ gzip:   4.53 kB[22m
[2mbuild/client/[22m[2massets/[22m[36museActiveService-BF2YhZDU.js                   [39m[1m[2m   25.74 kB[22m[1m[22m[2m │ gzip:   6.98 kB[22m
[2mbuild/client/[22m[2massets/[22m[36mindex-C6cpaVza.js                              [39m[1m[2m   29.59 kB[22m[1m[22m[2m │ gzip:   7.41 kB[22m
[2mbuild/client/[22m[2massets/[22m[36mtoast-4Mq56TE_.js                              [39m[1m[2m   30.86 kB[22m[1m[22m[2m │ gzip:   6.86 kB[22m
[2mbuild/client/[22m[2massets/[22m[36mCombination-D7BMBf52.js                        [39m[1m[2m   36.65 kB[22m[1m[22m[2m │ gzip:   9.34 kB[22m
[2mbuild/client/[22m[2massets/[22m[36mselect-BCaWbjbm.js                             [39m[1m[2m   53.53 kB[22m[1m[22m[2m │ gzip:  10.82 kB[22m
[2mbuild/client/[22m[2massets/[22m[36mparse-CaQowifR.js                              [39m[1m[2m   62.82 kB[22m[1m[22m[2m │ gzip:  13.92 kB[22m
[2mbuild/client/[22m[2massets/[22m[36mform-seTEqom1.js                               [39m[1m[2m   65.66 kB[22m[1m[22m[2m │ gzip:  14.34 kB[22m
[2mbuild/client/[22m[2massets/[22m[36mAccountUsage-CRfSQMY9.js                       [39m[1m[2m   66.29 kB[22m[1m[22m[2m │ gzip:  16.14 kB[22m
[2mbuild/client/[22m[2massets/[22m[36mindex-bfhf9WR7.js                              [39m[1m[2m   67.65 kB[22m[1m[22m[2m │ gzip:  22.80 kB[22m
[2mbuild/client/[22m[2massets/[22m[36mindex-Dw0hQUDs.js                              [39m[1m[2m   68.94 kB[22m[1m[22m[2m │ gzip:  15.31 kB[22m
[2mbuild/client/[22m[2massets/[22m[36mcomponents-DBH4VjY2.js                         [39m[1m[2m   79.86 kB[22m[1m[22m[2m │ gzip:  18.10 kB[22m
[2mbuild/client/[22m[2massets/[22m[36mindex-_KSZn9U7.js                              [39m[1m[2m   81.50 kB[22m[1m[22m[2m │ gzip:  15.16 kB[22m
[2mbuild/client/[22m[2massets/[22m[36museSdk-owM7AKUN.js                             [39m[1m[2m   89.91 kB[22m[1m[22m[2m │ gzip:  22.92 kB[22m
[2mbuild/client/[22m[2massets/[22m[36museTheme-hJtOY0_T.js                           [39m[1m[2m   92.77 kB[22m[1m[22m[2m │ gzip:  15.81 kB[22m
[2mbuild/client/[22m[2massets/[22m[36msubscription-w5EjsKoA.js                       [39m[1m[2m  109.92 kB[22m[1m[22m[2m │ gzip:  23.85 kB[22m
[2mbuild/client/[22m[2massets/[22m[36mindex-Dv9Lz1jY.js                              [39m[1m[2m  118.13 kB[22m[1m[22m[2m │ gzip:  21.12 kB[22m
[2mbuild/client/[22m[2massets/[22m[36mindex-BwQOQpqS.js                              [39m[1m[2m  144.29 kB[22m[1m[22m[2m │ gzip:  30.95 kB[22m
[2mbuild/client/[22m[2massets/[22m[36mbutton-MLqufARR.js                             [39m[1m[2m  195.39 kB[22m[1m[22m[2m │ gzip:  33.26 kB[22m
[2mbuild/client/[22m[2massets/[22m[36mindex-COfyDwxK.js                              [39m[1m[2m  202.55 kB[22m[1m[22m[2m │ gzip:  51.02 kB[22m
[2mbuild/client/[22m[2massets/[22m[36musePortalUrl-DYdKnXuI.js                       [39m[1m[2m  215.06 kB[22m[1m[22m[2m │ gzip:  50.77 kB[22m
[2mbuild/client/[22m[2massets/[22m[36mGeneralLayout-Dez4vhQL.js                      [39m[1m[2m  279.32 kB[22m[1m[22m[2m │ gzip:  64.45 kB[22m
[2mbuild/client/[22m[2massets/[22m[36mindex-DniHk9Si.js                              [39m[1m[2m  485.81 kB[22m[1m[22m[2m │ gzip: 108.98 kB[22m
[2mbuild/client/[22m[2massets/[22m[36mindex-D4izfS4D.js                              [39m[1m[33m  772.46 kB[39m[22m[2m │ gzip: 154.67 kB[22m
[2mbuild/client/[22m[2massets/[22m[36mroot-BduHD-9o.js                               [39m[1m[33m1,167.30 kB[39m[22m[2m │ gzip: 253.58 kB[22m
[32m✓ built in 28.63s[39m
[36mvite v5.4.0 [32mbuilding SSR bundle for production...[36m[39m
transforming...
app/routes/service/components/PinDialog.tsx (1:0): Error when using sourcemap for reporting an error: Can't resolve original location of error.
app/components/ui/tag-input.tsx (1:0): Error when using sourcemap for reporting an error: Can't resolve original location of error.
app/components/ui/chart.tsx (1:0): Error when using sourcemap for reporting an error: Can't resolve original location of error.
[32m✓[39m 193 modules transformed.
rendering chunks...
[2mbuild/server/[22m[32m.vite/manifest.json                                   [39m[1m[2m    3.58 kB[22m[1m[22m
[2mbuild/server/[22m[2massets/[22m[32mmanrope-vietnamese-wght-normal-CvPE_C53.woff2  [39m[1m[2m    8.31 kB[22m[1m[22m
[2mbuild/server/[22m[2massets/[22m[32mmanrope-greek-wght-normal--KUh6X2k.woff2       [39m[1m[2m    9.19 kB[22m[1m[22m
[2mbuild/server/[22m[2massets/[22m[32mmanrope-cyrillic-wght-normal-C1zWlyYG.woff2    [39m[1m[2m   14.20 kB[22m[1m[22m
[2mbuild/server/[22m[2massets/[22m[32mmanrope-latin-ext-wght-normal-D62tbE3i.woff2   [39m[1m[2m   14.80 kB[22m[1m[22m
[2mbuild/server/[22m[2massets/[22m[32mmanrope-latin-wght-normal-DWlqe-xm.woff2       [39m[1m[2m   24.38 kB[22m[1m[22m
[2mbuild/server/[22m[2massets/[22m[32mlume-bg-blue-Vl2JcShQ.png                      [39m[1m[2m   86.43 kB[22m[1m[22m
[2mbuild/server/[22m[2massets/[22m[32mlume-bg-image-CeL50W8O.png                     [39m[1m[2m  260.44 kB[22m[1m[22m
[2mbuild/server/[22m[2massets/[22m[32mlume-bg-login-ClkbcaVZ.png                     [39m[1m[2m2,128.97 kB[22m[1m[22m
[2mbuild/server/[22m[2massets/[22m[32mlume-bg-register-Cs8gjzis.png                  [39m[1m[2m2,751.26 kB[22m[1m[22m
[2mbuild/server/[22m[2massets/[22m[32mlume-bg-reset-password-BttR11xa.png            [39m[1m[2m5,636.25 kB[22m[1m[22m
[2mbuild/server/[22m[2massets/[22m[35mserver-build-D2ybEqB8.css                      [39m[1m[2m    5.10 kB[22m[1m[22m
[2mbuild/server/[22m[2massets/[22m[35mtailwind-B-tl5ip0.css                          [39m[1m[2m   57.86 kB[22m[1m[22m
[2mbuild/server/[22m[36mindex.js                                              [39m[1m[2m  467.02 kB[22m[1m[22m
SPA Mode: index.html has been written to your [1mbuild/client[22m directory
[32m✓ built in 2.23s[39m
